0 info it worked if it ends with ok
1 verbose cli [ 'C:\\Program Files (x86)\\Nodist\\v-x64\\nodev5.6.0\\node.exe',
1 verbose cli   'C:\\Program Files (x86)\\Nodist\\bin\\node_modules\\npm\\cli.js',
1 verbose cli   'publish' ]
2 info using npm@3.5.2
3 info using node@v5.6.0
4 verbose publish [ '.' ]
5 silly cache add args [ '.', null ]
6 verbose cache add spec .
7 silly cache add parsed spec Result {
7 silly cache add   raw: '.',
7 silly cache add   scope: null,
7 silly cache add   name: null,
7 silly cache add   rawSpec: '.',
7 silly cache add   spec: 'C:\\git\\nodejs-package',
7 silly cache add   type: 'directory' }
8 verbose addLocalDirectory C:\Users\Jeffrey Lee\AppData\Roaming\npm-cache\lowercase_icmr\0.0.1\package.tgz not in flight; packing
9 info lifecycle lowercase_icmr@0.0.1~prepublish: lowercase_icmr@0.0.1
10 silly lifecycle lowercase_icmr@0.0.1~prepublish: no script for prepublish, continuing
11 verbose tar pack [ 'C:\\Users\\Jeffrey Lee\\AppData\\Roaming\\npm-cache\\lowercase_icmr\\0.0.1\\package.tgz',
11 verbose tar pack   'C:\\git\\nodejs-package' ]
12 verbose tarball C:\Users\Jeffrey Lee\AppData\Roaming\npm-cache\lowercase_icmr\0.0.1\package.tgz
13 verbose folder C:\git\nodejs-package
14 verbose addLocalTarball adding from inside cache C:\Users\Jeffrey Lee\AppData\Roaming\npm-cache\lowercase_icmr\0.0.1\package.tgz
15 silly cache afterAdd lowercase_icmr@0.0.1
16 verbose afterAdd C:\Users\Jeffrey Lee\AppData\Roaming\npm-cache\lowercase_icmr\0.0.1\package\package.json not in flight; writing
17 verbose afterAdd C:\Users\Jeffrey Lee\AppData\Roaming\npm-cache\lowercase_icmr\0.0.1\package\package.json written
18 silly publish { name: 'lowercase_icmr',
18 silly publish   version: '0.0.1',
18 silly publish   description: 'A demo package of lowercase',
18 silly publish   keywords: [ 'demo', 'lowercase' ],
18 silly publish   author: { name: 'Jeffrey Lee' },
18 silly publish   license: 'MIT',
18 silly publish   main: 'lowercase.js',
18 silly publish   repository:
18 silly publish    { type: 'git',
18 silly publish      url: 'git+https://github.com/icmr/lowercase_demo.git' },
18 silly publish   engines: { node: '>=v0.10.5' },
18 silly publish   readmeFilename: 'README.md',
18 silly publish   readme: 'lowercase\r\n============================\r\n\r\nA demo package of lowercase\r\n\r\n```{bash}\r\nnpm install lowercase_demo\r\n```\r\n\r\n## author\r\n\r\nJeffrey Lee\r\n\r\n## License\r\n\r\nMIT',
18 silly publish   gitHead: 'bffca53fcbca679f8c0843d7cb7e06318ff8a8f7',
18 silly publish   bugs: { url: 'https://github.com/icmr/lowercase_demo/issues' },
18 silly publish   homepage: 'https://github.com/icmr/lowercase_demo#readme',
18 silly publish   _id: 'lowercase_icmr@0.0.1',
18 silly publish   scripts: {},
18 silly publish   _shasum: 'f64af50a93557d23c9229c253ac0ae712d17c1bb',
18 silly publish   _from: '.' }
19 verbose getPublishConfig undefined
20 silly mapToRegistry name lowercase_icmr
21 silly mapToRegistry using default registry
22 silly mapToRegistry registry https://registry.npmjs.org/
23 silly mapToRegistry uri https://registry.npmjs.org/lowercase_icmr
24 verbose publish registryBase https://registry.npmjs.org/
25 silly publish uploading C:\Users\Jeffrey Lee\AppData\Roaming\npm-cache\lowercase_icmr\0.0.1\package.tgz
26 verbose request uri https://registry.npmjs.org/lowercase_icmr
27 verbose request sending authorization for write operation
28 info attempt registry request try #1 at 14:59:09
29 verbose request using bearer token for auth
30 verbose request id cba4d26b49bd7580
31 http request PUT https://registry.npmjs.org/lowercase_icmr
32 http 403 https://registry.npmjs.org/lowercase_icmr
33 verbose headers { 'content-type': 'application/json',
33 verbose headers   'cache-control': 'max-age=300',
33 verbose headers   'content-length': '95',
33 verbose headers   'accept-ranges': 'bytes',
33 verbose headers   date: 'Wed, 24 Feb 2016 06:59:12 GMT',
33 verbose headers   via: '1.1 varnish',
33 verbose headers   connection: 'keep-alive',
33 verbose headers   'x-served-by': 'cache-lcy1125-LCY',
33 verbose headers   'x-cache': 'MISS',
33 verbose headers   'x-cache-hits': '0',
33 verbose headers   'x-timer': 'S1456297151.224774,VS0,VE955' }
34 verbose request invalidating C:\Users\Jeffrey Lee\AppData\Roaming\npm-cache\registry.npmjs.org\lowercase_icmr on PUT
35 error publish Failed PUT 403
36 verbose stack Error: "You cannot publish over the previously published version 0.0.1." : lowercase_icmr
36 verbose stack     at makeError (C:\Program Files (x86)\Nodist\bin\node_modules\npm\node_modules\npm-registry-client\lib\request.js:264:12)
36 verbose stack     at CachingRegistryClient.<anonymous> (C:\Program Files (x86)\Nodist\bin\node_modules\npm\node_modules\npm-registry-client\lib\request.js:252:14)
36 verbose stack     at Request._callback (C:\Program Files (x86)\Nodist\bin\node_modules\npm\node_modules\npm-registry-client\lib\request.js:172:14)
36 verbose stack     at Request.self.callback (C:\Program Files (x86)\Nodist\bin\node_modules\npm\node_modules\request\request.js:198:22)
36 verbose stack     at emitTwo (events.js:100:13)
36 verbose stack     at Request.emit (events.js:185:7)
36 verbose stack     at Request.<anonymous> (C:\Program Files (x86)\Nodist\bin\node_modules\npm\node_modules\request\request.js:1082:10)
36 verbose stack     at emitOne (events.js:95:20)
36 verbose stack     at Request.emit (events.js:182:7)
36 verbose stack     at IncomingMessage.<anonymous> (C:\Program Files (x86)\Nodist\bin\node_modules\npm\node_modules\request\request.js:1009:12)
37 verbose statusCode 403
38 verbose pkgid lowercase_icmr
39 verbose cwd C:\git\nodejs-package
40 error Windows_NT 10.0.10240
41 error argv "C:\\Program Files (x86)\\Nodist\\v-x64\\nodev5.6.0\\node.exe" "C:\\Program Files (x86)\\Nodist\\bin\\node_modules\\npm\\cli.js" "publish"
42 error node v5.6.0
43 error npm  v3.5.2
44 error code E403
45 error "You cannot publish over the previously published version 0.0.1." : lowercase_icmr
46 error If you need help, you may report this error at:
46 error     <https://github.com/npm/npm/issues>
47 verbose exit [ 1, true ]
